<?xml version="1.0" encoding="UTF-8"?>
<testng-results skipped="0" failed="0" ignored="0" total="1" passed="1">
  <reporter-output>
  </reporter-output>
  <suite name="Default suite" duration-ms="14375" started-at="2019-11-23T13:25:19 CST" finished-at="2019-11-23T13:25:33 CST">
    <groups>
    </groups>
    <test name="Default test" duration-ms="14375" started-at="2019-11-23T13:25:19 CST" finished-at="2019-11-23T13:25:33 CST">
      <class name="test.SelectTest">
        <test-method status="PASS" signature="startBrowser()[pri:0, instance:test.SelectTest@4b9e255]" name="startBrowser" is-config="true" duration-ms="3540" started-at="2019-11-23T13:25:19 CST" finished-at="2019-11-23T13:25:22 CST">
          <reporter-output>
          </reporter-output>
        </test-method> <!-- startBrowser -->
        <test-method status="PASS" signature="selectTest()[pri:0, instance:test.SelectTest@4b9e255]" name="selectTest" duration-ms="10169" started-at="2019-11-23T13:25:22 CST" finished-at="2019-11-23T13:25:32 CST">
          <reporter-output>
          </reporter-output>
        </test-method> <!-- selectTest -->
        <test-method status="PASS" signature="close()[pri:0, instance:test.SelectTest@4b9e255]" name="close" is-config="true" duration-ms="631" started-at="2019-11-23T13:25:32 CST" finished-at="2019-11-23T13:25:33 CST">
          <reporter-output>
          </reporter-output>
        </test-method> <!-- close -->
      </class> <!-- test.SelectTest -->
    </test> <!-- Default test -->
  </suite> <!-- Default suite -->
</testng-results>
